09:40:40 [main] INFO  SpringBootTestContextBootstrapper - Neither @ContextConfiguration nor @ContextHierarchy found for test class [com.dc.OmsDlsbServiceApplicationTests], using SpringBootContextLoader
09:40:40 [main] INFO  AbstractContextLoader - Could not detect default resource locations for test class [com.dc.OmsDlsbServiceApplicationTests]: no resource found for suffixes {-context.xml, Context.groovy}.
09:40:40 [main] INFO  AnnotationConfigContextLoaderUtils - Could not detect default configuration classes for test class [com.dc.OmsDlsbServiceApplicationTests]: OmsDlsbServiceApplicationTests does not declare any static, non-private, non-final, nested classes annotated with @Configuration.
09:40:40 [main] INFO  SpringBootTestContextBootstrapper - Found @SpringBootConfiguration com.dc.OmsDlsbServiceApplication for test class com.dc.OmsDlsbServiceApplicationTests
09:40:40 [main] INFO  SpringBootTestContextBootstrapper - Loaded default TestExecutionListener class names from location [META-INF/spring.factories]: [org.springframework.boot.test.mock.mockito.MockitoTestExecutionListener, org.springframework.boot.test.mock.mockito.ResetMocksTestExecutionListener, org.springframework.boot.test.autoconfigure.restdocs.RestDocsTestExecutionListener, org.springframework.boot.test.autoconfigure.web.client.MockRestServiceServerResetTestExecutionListener, org.springframework.boot.test.autoconfigure.web.servlet.MockMvcPrintOnlyOnFailureTestExecutionListener, org.springframework.boot.test.autoconfigure.web.servlet.WebDriverTestExecutionListener, org.springframework.test.context.web.ServletTestExecutionListener, org.springframework.test.context.support.DirtiesContextBeforeModesTestExecutionListener, org.springframework.test.context.support.DependencyInjectionTestExecutionListener, org.springframework.test.context.support.DirtiesContextTestExecutionListener, org.springframework.test.context.transaction.TransactionalTestExecutionListener, org.springframework.test.context.jdbc.SqlScriptsTestExecutionListener, org.springframework.security.test.context.support.WithSecurityContextTestExecutionListener]
09:40:40 [main] INFO  SpringBootTestContextBootstrapper - Using TestExecutionListeners: [org.springframework.test.context.web.ServletTestExecutionListener@18b6731, org.springframework.test.context.support.DirtiesContextBeforeModesTestExecutionListener@6908d7, org.springframework.boot.test.autoconfigure.SpringBootDependencyInjectionTestExecutionListener@9754d8, org.springframework.test.context.support.DirtiesContextTestExecutionListener@1f7ca37, org.springframework.test.context.transaction.TransactionalTestExecutionListener@1079097, org.springframework.test.context.jdbc.SqlScriptsTestExecutionListener@11c00d0, org.springframework.security.test.context.support.WithSecurityContextTestExecutionListener@12bac3f, org.springframework.boot.test.mock.mockito.MockitoTestExecutionListener@8711f, org.springframework.boot.test.mock.mockito.ResetMocksTestExecutionListener@1cec361, org.springframework.boot.test.autoconfigure.restdocs.RestDocsTestExecutionListener@794848, org.springframework.boot.test.autoconfigure.web.client.MockRestServiceServerResetTestExecutionListener@2552ec, org.springframework.boot.test.autoconfigure.web.servlet.MockMvcPrintOnlyOnFailureTestExecutionListener@1285d7e, org.springframework.boot.test.autoconfigure.web.servlet.WebDriverTestExecutionListener@5471]
09:40:40 [main] INFO  SpringBootTestContextBootstrapper - Neither @ContextConfiguration nor @ContextHierarchy found for test class [com.dc.OmsDlsbServiceApplicationTests], using SpringBootContextLoader
09:40:40 [main] INFO  AbstractContextLoader - Could not detect default resource locations for test class [com.dc.OmsDlsbServiceApplicationTests]: no resource found for suffixes {-context.xml, Context.groovy}.
09:40:40 [main] INFO  AnnotationConfigContextLoaderUtils - Could not detect default configuration classes for test class [com.dc.OmsDlsbServiceApplicationTests]: OmsDlsbServiceApplicationTests does not declare any static, non-private, non-final, nested classes annotated with @Configuration.
09:40:40 [main] INFO  SpringBootTestContextBootstrapper - Found @SpringBootConfiguration com.dc.OmsDlsbServiceApplication for test class com.dc.OmsDlsbServiceApplicationTests
09:40:40 [main] INFO  SpringBootTestContextBootstrapper - Loaded default TestExecutionListener class names from location [META-INF/spring.factories]: [org.springframework.boot.test.mock.mockito.MockitoTestExecutionListener, org.springframework.boot.test.mock.mockito.ResetMocksTestExecutionListener, org.springframework.boot.test.autoconfigure.restdocs.RestDocsTestExecutionListener, org.springframework.boot.test.autoconfigure.web.client.MockRestServiceServerResetTestExecutionListener, org.springframework.boot.test.autoconfigure.web.servlet.MockMvcPrintOnlyOnFailureTestExecutionListener, org.springframework.boot.test.autoconfigure.web.servlet.WebDriverTestExecutionListener, org.springframework.test.context.web.ServletTestExecutionListener, org.springframework.test.context.support.DirtiesContextBeforeModesTestExecutionListener, org.springframework.test.context.support.DependencyInjectionTestExecutionListener, org.springframework.test.context.support.DirtiesContextTestExecutionListener, org.springframework.test.context.transaction.TransactionalTestExecutionListener, org.springframework.test.context.jdbc.SqlScriptsTestExecutionListener, org.springframework.security.test.context.support.WithSecurityContextTestExecutionListener]
09:40:40 [main] INFO  SpringBootTestContextBootstrapper - Using TestExecutionListeners: [org.springframework.test.context.web.ServletTestExecutionListener@4970b0, org.springframework.test.context.support.DirtiesContextBeforeModesTestExecutionListener@70f8a6, org.springframework.boot.test.autoconfigure.SpringBootDependencyInjectionTestExecutionListener@83dc97, org.springframework.test.context.support.DirtiesContextTestExecutionListener@148410a, org.springframework.test.context.transaction.TransactionalTestExecutionListener@773a3, org.springframework.test.context.jdbc.SqlScriptsTestExecutionListener@1f1104d, org.springframework.security.test.context.support.WithSecurityContextTestExecutionListener@1740540, org.springframework.boot.test.mock.mockito.MockitoTestExecutionListener@15ef5, org.springframework.boot.test.mock.mockito.ResetMocksTestExecutionListener@154a33d, org.springframework.boot.test.autoconfigure.restdocs.RestDocsTestExecutionListener@18bde2, org.springframework.boot.test.autoconfigure.web.client.MockRestServiceServerResetTestExecutionListener@1b3f4a4, org.springframework.boot.test.autoconfigure.web.servlet.MockMvcPrintOnlyOnFailureTestExecutionListener@12ff811, org.springframework.boot.test.autoconfigure.web.servlet.WebDriverTestExecutionListener@168ff82]
09:40:41 [main] INFO  AnnotationConfigApplicationContext - Refreshing org.springframework.context.annotation.AnnotationConfigApplicationContext@13f69cc: startup date [Fri Aug 02 09:40:41 CST 2019]; root of context hierarchy
09:40:41 [main] INFO  AutowiredAnnotationBeanPostProcessor - JSR-330 'javax.inject.Inject' annotation found and supported for autowiring
09:40:41 [main] INFO  PostProcessorRegistrationDelegate$BeanPostProcessorChecker - Bean 'configurationPropertiesRebinderAutoConfiguration' of type [org.springframework.cloud.autoconfigure.ConfigurationPropertiesRebinderAutoConfiguration$$EnhancerBySpringCGLIB$$46fe7d03] is not eligible for getting processed by all BeanPostProcessors (for example: not eligible for auto-proxying)
09:40:41 [background-preinit] INFO  Version - HV000001: Hibernate Validator 5.3.6.Final
09:40:42 [main] INFO  OmsDlsbServiceApplicationTests - No active profile set, falling back to default profiles: default
09:40:42 [main] INFO  GenericWebApplicationContext - Refreshing org.springframework.web.context.support.GenericWebApplicationContext@315f22: startup date [Fri Aug 02 09:40:42 CST 2019]; parent: org.springframework.context.annotation.AnnotationConfigApplicationContext@13f69cc
09:40:44 [main] INFO  DefaultListableBeanFactory - Overriding bean definition for bean 'feignLoggerLevel' with a different definition: replacing [Root bean: class [null]; scope=; abstract=false; lazyInit=false; autowireMode=3; dependencyCheck=0; autowireCandidate=true; primary=false; factoryBeanName=dlsbOmsFeignConfiguration; factoryMethodName=feignLoggerLevel; initMethodName=null; destroyMethodName=(inferred); defined in class path resource [com/dc/dlsb/common/DlsbOmsFeignConfiguration.class]] with [Root bean: class [null]; scope=; abstract=false; lazyInit=false; autowireMode=3; dependencyCheck=0; autowireCandidate=true; primary=false; factoryBeanName=dlsbRmFeignConfiguration; factoryMethodName=feignLoggerLevel; initMethodName=null; destroyMethodName=(inferred); defined in class path resource [com/dc/dlsb/common/DlsbRmFeignConfiguration.class]]
09:40:44 [main] INFO  DefaultListableBeanFactory - Overriding bean definition for bean 'dcBasicAuthRequestInterceptor' with a different definition: replacing [Root bean: class [null]; scope=; abstract=false; lazyInit=false; autowireMode=3; dependencyCheck=0; autowireCandidate=true; primary=false; factoryBeanName=dlsbOmsFeignConfiguration; factoryMethodName=dcBasicAuthRequestInterceptor; initMethodName=null; destroyMethodName=(inferred); defined in class path resource [com/dc/dlsb/common/DlsbOmsFeignConfiguration.class]] with [Root bean: class [null]; scope=; abstract=false; lazyInit=false; autowireMode=3; dependencyCheck=0; autowireCandidate=true; primary=false; factoryBeanName=dlsbRmFeignConfiguration; factoryMethodName=dcBasicAuthRequestInterceptor; initMethodName=null; destroyMethodName=(inferred); defined in class path resource [com/dc/dlsb/common/DlsbRmFeignConfiguration.class]]
09:40:44 [main] INFO  DefaultListableBeanFactory - Overriding bean definition for bean 'options' with a different definition: replacing [Root bean: class [null]; scope=; abstract=false; lazyInit=false; autowireMode=3; dependencyCheck=0; autowireCandidate=true; primary=false; factoryBeanName=dlsbOmsFeignConfiguration; factoryMethodName=options; initMethodName=null; destroyMethodName=(inferred); defined in class path resource [com/dc/dlsb/common/DlsbOmsFeignConfiguration.class]] with [Root bean: class [null]; scope=; abstract=false; lazyInit=false; autowireMode=3; dependencyCheck=0; autowireCandidate=true; primary=false; factoryBeanName=dlsbRmFeignConfiguration; factoryMethodName=options; initMethodName=null; destroyMethodName=(inferred); defined in class path resource [com/dc/dlsb/common/DlsbRmFeignConfiguration.class]]
09:40:44 [main] INFO  DefaultListableBeanFactory - Overriding bean definition for bean 'feignLoggerLevel' with a different definition: replacing [Root bean: class [null]; scope=; abstract=false; lazyInit=false; autowireMode=3; dependencyCheck=0; autowireCandidate=true; primary=false; factoryBeanName=dlsbRmFeignConfiguration; factoryMethodName=feignLoggerLevel; initMethodName=null; destroyMethodName=(inferred); defined in class path resource [com/dc/dlsb/common/DlsbRmFeignConfiguration.class]] with [Root bean: class [null]; scope=; abstract=false; lazyInit=false; autowireMode=3; dependencyCheck=0; autowireCandidate=true; primary=false; factoryBeanName=feignConfiguration; factoryMethodName=feignLoggerLevel; initMethodName=null; destroyMethodName=(inferred); defined in class path resource [com/dc/common/config/FeignConfiguration.class]]
09:40:44 [main] INFO  DefaultListableBeanFactory - Overriding bean definition for bean 'dcBasicAuthRequestInterceptor' with a different definition: replacing [Root bean: class [null]; scope=; abstract=false; lazyInit=false; autowireMode=3; dependencyCheck=0; autowireCandidate=true; primary=false; factoryBeanName=dlsbRmFeignConfiguration; factoryMethodName=dcBasicAuthRequestInterceptor; initMethodName=null; destroyMethodName=(inferred); defined in class path resource [com/dc/dlsb/common/DlsbRmFeignConfiguration.class]] with [Root bean: class [null]; scope=; abstract=false; lazyInit=false; autowireMode=3; dependencyCheck=0; autowireCandidate=true; primary=false; factoryBeanName=feignConfiguration; factoryMethodName=dcBasicAuthRequestInterceptor; initMethodName=null; destroyMethodName=(inferred); defined in class path resource [com/dc/common/config/FeignConfiguration.class]]
09:40:44 [main] INFO  DefaultListableBeanFactory - Overriding bean definition for bean 'options' with a different definition: replacing [Root bean: class [null]; scope=; abstract=false; lazyInit=false; autowireMode=3; dependencyCheck=0; autowireCandidate=true; primary=false; factoryBeanName=dlsbRmFeignConfiguration; factoryMethodName=options; initMethodName=null; destroyMethodName=(inferred); defined in class path resource [com/dc/dlsb/common/DlsbRmFeignConfiguration.class]] with [Root bean: class [null]; scope=; abstract=false; lazyInit=false; autowireMode=3; dependencyCheck=0; autowireCandidate=true; primary=false; factoryBeanName=feignConfiguration; factoryMethodName=options; initMethodName=null; destroyMethodName=(inferred); defined in class path resource [com/dc/common/config/FeignConfiguration.class]]
09:40:44 [main] INFO  DefaultListableBeanFactory - Overriding bean definition for bean 'BASE-SERVICE.FeignClientSpecification' with a different definition: replacing [Generic bean: class [org.springframework.cloud.netflix.feign.FeignClientSpecification]; scope=; abstract=false; lazyInit=false; autowireMode=0; dependencyCheck=0; autowireCandidate=true; primary=false; factoryBeanName=null; factoryMethodName=null; initMethodName=null; destroyMethodName=null] with [Generic bean: class [org.springframework.cloud.netflix.feign.FeignClientSpecification]; scope=; abstract=false; lazyInit=false; autowireMode=0; dependencyCheck=0; autowireCandidate=true; primary=false; factoryBeanName=null; factoryMethodName=null; initMethodName=null; destroyMethodName=null]
09:40:44 [main] INFO  DefaultListableBeanFactory - Overriding bean definition for bean 'BASE-SERVICE.FeignClientSpecification' with a different definition: replacing [Generic bean: class [org.springframework.cloud.netflix.feign.FeignClientSpecification]; scope=; abstract=false; lazyInit=false; autowireMode=0; dependencyCheck=0; autowireCandidate=true; primary=false; factoryBeanName=null; factoryMethodName=null; initMethodName=null; destroyMethodName=null] with [Generic bean: class [org.springframework.cloud.netflix.feign.FeignClientSpecification]; scope=; abstract=false; lazyInit=false; autowireMode=0; dependencyCheck=0; autowireCandidate=true; primary=false; factoryBeanName=null; factoryMethodName=null; initMethodName=null; destroyMethodName=null]
09:40:45 [main] INFO  GenericScope - BeanFactory id=138cd016-b59c-35fb-92c9-5ab2605c97ba
09:40:45 [main] INFO  AutowiredAnnotationBeanPostProcessor - JSR-330 'javax.inject.Inject' annotation found and supported for autowiring
09:40:45 [main] INFO  PostProcessorRegistrationDelegate$BeanPostProcessorChecker - Bean 'com.alibaba.druid.spring.boot.autoconfigure.stat.DruidSpringAopConfiguration' of type [com.alibaba.druid.spring.boot.autoconfigure.stat.DruidSpringAopConfiguration] is not eligible for getting processed by all BeanPostProcessors (for example: not eligible for auto-proxying)
09:40:45 [main] INFO  PostProcessorRegistrationDelegate$BeanPostProcessorChecker - Bean 'spring.datasource.druid-com.alibaba.druid.spring.boot.autoconfigure.properties.DruidStatProperties' of type [com.alibaba.druid.spring.boot.autoconfigure.properties.DruidStatProperties] is not eligible for getting processed by all BeanPostProcessors (for example: not eligible for auto-proxying)
09:40:45 [main] INFO  PostProcessorRegistrationDelegate$BeanPostProcessorChecker - Bean 'advisor' of type [org.springframework.aop.support.RegexpMethodPointcutAdvisor] is not eligible for getting processed by all BeanPostProcessors (for example: not eligible for auto-proxying)
09:40:45 [main] INFO  PostProcessorRegistrationDelegate$BeanPostProcessorChecker - Bean 'org.springframework.transaction.annotation.ProxyTransactionManagementConfiguration' of type [org.springframework.transaction.annotation.ProxyTransactionManagementConfiguration$$EnhancerBySpringCGLIB$$2ae47a06] is not eligible for getting processed by all BeanPostProcessors (for example: not eligible for auto-proxying)
09:40:45 [main] INFO  PostProcessorRegistrationDelegate$BeanPostProcessorChecker - Bean 'org.springframework.cloud.netflix.metrics.MetricsInterceptorConfiguration$MetricsRestTemplateConfiguration' of type [org.springframework.cloud.netflix.metrics.MetricsInterceptorConfiguration$MetricsRestTemplateConfiguration$$EnhancerBySpringCGLIB$$5d112047] is not eligible for getting processed by all BeanPostProcessors (for example: not eligible for auto-proxying)
09:40:45 [main] INFO  PostProcessorRegistrationDelegate$BeanPostProcessorChecker - Bean 'org.springframework.cloud.autoconfigure.ConfigurationPropertiesRebinderAutoConfiguration' of type [org.springframework.cloud.autoconfigure.ConfigurationPropertiesRebinderAutoConfiguration$$EnhancerBySpringCGLIB$$46fe7d03] is not eligible for getting processed by all BeanPostProcessors (for example: not eligible for auto-proxying)
09:40:46 [main] INFO  SpringBootMockServletContext - jolokia: No access restrictor found, access to any MBean is allowed
09:40:47 [main] INFO  RequestMappingHandlerMapping - Mapped "{[/swagger-resources/configuration/security]}" onto public org.springframework.http.ResponseEntity<springfox.documentation.swagger.web.SecurityConfiguration> springfox.documentation.swagger.web.ApiResourceController.securityConfiguration()
09:40:47 [main] INFO  RequestMappingHandlerMapping - Mapped "{[/swagger-resources/configuration/ui]}" onto public org.springframework.http.ResponseEntity<springfox.documentation.swagger.web.UiConfiguration> springfox.documentation.swagger.web.ApiResourceController.uiConfiguration()
09:40:47 [main] INFO  RequestMappingHandlerMapping - Mapped "{[/swagger-resources]}" onto public org.springframework.http.ResponseEntity<java.util.List<springfox.documentation.swagger.web.SwaggerResource>> springfox.documentation.swagger.web.ApiResourceController.swaggerResources()
09:40:47 [main] INFO  RequestMappingHandlerMapping - Mapped "{[/error]}" onto public org.springframework.http.ResponseEntity<java.util.Map<java.lang.String, java.lang.Object>> org.springframework.boot.autoconfigure.web.BasicErrorController.error(javax.servlet.http.HttpServletRequest)
09:40:47 [main] INFO  RequestMappingHandlerMapping - Mapped "{[/error],produces=[text/html]}" onto public org.springframework.web.servlet.ModelAndView org.springframework.boot.autoconfigure.web.BasicErrorController.errorHtml(javax.servlet.http.HttpServletRequest,javax.servlet.http.HttpServletResponse)
09:40:47 [main] WARN  URLConfigurationSource - No URLs will be polled as dynamic configuration sources.
09:40:47 [main] INFO  URLConfigurationSource - To enable URLs as dynamic configuration sources, define System property archaius.configurationSource.additionalUrls or make config.properties available on classpath.
09:40:47 [main] INFO  DynamicPropertyFactory - DynamicPropertyFactory is initialized with configuration sources: com.netflix.config.ConcurrentCompositeConfiguration@18ee69d
09:40:48 [main] INFO  DruidDataSourceAutoConfigure - Init DruidDataSource
09:40:48 [main] ERROR DruidAbstractDataSource - oracle.jdbc.driver.OracleDriver is deprecated.
09:40:50 [main] INFO  DruidDataSource - {dataSource-1} inited
09:40:50 [main] INFO  EndpointHandlerMapping - Mapped "{[/service-registry/instance-status],methods=[POST]}" onto public org.springframework.http.ResponseEntity<?> org.springframework.cloud.client.serviceregistry.endpoint.ServiceRegistryEndpoint.setStatus(java.lang.String)
09:40:50 [main] INFO  EndpointHandlerMapping - Mapped "{[/service-registry/instance-status],methods=[GET]}" onto public org.springframework.http.ResponseEntity org.springframework.cloud.client.serviceregistry.endpoint.ServiceRegistryEndpoint.getStatus()
09:40:50 [main] INFO  EndpointHandlerMapping - Mapped "{[/refresh || /refresh.json],methods=[POST]}" onto public java.lang.Object org.springframework.cloud.endpoint.GenericPostableMvcEndpoint.invoke()
09:40:50 [main] INFO  EndpointHandlerMapping - Mapped "{[/features || /features.json],methods=[GET],produces=[application/vnd.spring-boot.actuator.v1+json || application/json]}" onto public java.lang.Object org.springframework.boot.actuate.endpoint.mvc.EndpointMvcAdapter.invoke()
09:40:50 [main] INFO  EndpointHandlerMapping - Mapped "{[/mappings || /mappings.json],methods=[GET],produces=[application/vnd.spring-boot.actuator.v1+json || application/json]}" onto public java.lang.Object org.springframework.boot.actuate.endpoint.mvc.EndpointMvcAdapter.invoke()
09:40:50 [main] INFO  EndpointHandlerMapping - Mapped "{[/auditevents || /auditevents.json],methods=[GET],produces=[application/vnd.spring-boot.actuator.v1+json || application/json]}" onto public org.springframework.http.ResponseEntity<?> org.springframework.boot.actuate.endpoint.mvc.AuditEventsMvcEndpoint.findByPrincipalAndAfterAndType(java.lang.String,java.util.Date,java.lang.String)
09:40:50 [main] INFO  EndpointHandlerMapping - Mapped "{[/configprops || /configprops.json],methods=[GET],produces=[application/vnd.spring-boot.actuator.v1+json || application/json]}" onto public java.lang.Object org.springframework.boot.actuate.endpoint.mvc.EndpointMvcAdapter.invoke()
09:40:50 [main] INFO  EndpointHandlerMapping - Mapped "{[/hystrix.stream/**]}" onto public org.springframework.web.servlet.ModelAndView org.springframework.cloud.netflix.endpoint.ServletWrappingEndpoint.handle(javax.servlet.http.HttpServletRequest,javax.servlet.http.HttpServletResponse) throws java.lang.Exception
09:40:50 [main] INFO  EndpointHandlerMapping - Mapped "{[/health || /health.json],methods=[GET],produces=[application/vnd.spring-boot.actuator.v1+json || application/json]}" onto public java.lang.Object org.springframework.boot.actuate.endpoint.mvc.HealthMvcEndpoint.invoke(javax.servlet.http.HttpServletRequest,java.security.Principal)
09:40:50 [main] INFO  EndpointHandlerMapping - Mapped "{[/loggers/{name:.*}],methods=[GET],produces=[application/vnd.spring-boot.actuator.v1+json || application/json]}" onto public java.lang.Object org.springframework.boot.actuate.endpoint.mvc.LoggersMvcEndpoint.get(java.lang.String)
09:40:50 [main] INFO  EndpointHandlerMapping - Mapped "{[/loggers/{name:.*}],methods=[POST],consumes=[application/vnd.spring-boot.actuator.v1+json || application/json],produces=[application/vnd.spring-boot.actuator.v1+json || application/json]}" onto public java.lang.Object org.springframework.boot.actuate.endpoint.mvc.LoggersMvcEndpoint.set(java.lang.String,java.util.Map<java.lang.String, java.lang.String>)
09:40:50 [main] INFO  EndpointHandlerMapping - Mapped "{[/loggers || /loggers.json],methods=[GET],produces=[application/vnd.spring-boot.actuator.v1+json || application/json]}" onto public java.lang.Object org.springframework.boot.actuate.endpoint.mvc.EndpointMvcAdapter.invoke()
09:40:50 [main] INFO  EndpointHandlerMapping - Mapped "{[/heapdump || /heapdump.json],methods=[GET],produces=[application/octet-stream]}" onto public void org.springframework.boot.actuate.endpoint.mvc.HeapdumpMvcEndpoint.invoke(boolean,javax.servlet.http.HttpServletRequest,javax.servlet.http.HttpServletResponse) throws java.io.IOException,javax.servlet.ServletException
09:40:50 [main] INFO  EndpointHandlerMapping - Mapped "{[/env],methods=[POST]}" onto public java.lang.Object org.springframework.cloud.context.environment.EnvironmentManagerMvcEndpoint.value(java.util.Map<java.lang.String, java.lang.String>)
09:40:50 [main] INFO  EndpointHandlerMapping - Mapped "{[/env/reset],methods=[POST]}" onto public java.util.Map<java.lang.String, java.lang.Object> org.springframework.cloud.context.environment.EnvironmentManagerMvcEndpoint.reset()
09:40:50 [main] INFO  EndpointHandlerMapping - Mapped "{[/trace || /trace.json],methods=[GET],produces=[application/vnd.spring-boot.actuator.v1+json || application/json]}" onto public java.lang.Object org.springframework.boot.actuate.endpoint.mvc.EndpointMvcAdapter.invoke()
09:40:50 [main] INFO  EndpointHandlerMapping - Mapped "{[/beans || /beans.json],methods=[GET],produces=[application/vnd.spring-boot.actuator.v1+json || application/json]}" onto public java.lang.Object org.springframework.boot.actuate.endpoint.mvc.EndpointMvcAdapter.invoke()
09:40:50 [main] INFO  EndpointHandlerMapping - Mapped "{[/dump || /dump.json],methods=[GET],produces=[application/vnd.spring-boot.actuator.v1+json || application/json]}" onto public java.lang.Object org.springframework.boot.actuate.endpoint.mvc.EndpointMvcAdapter.invoke()
09:40:50 [main] INFO  EndpointHandlerMapping - Mapped "{[/env/{name:.*}],methods=[GET],produces=[application/vnd.spring-boot.actuator.v1+json || application/json]}" onto public java.lang.Object org.springframework.boot.actuate.endpoint.mvc.EnvironmentMvcEndpoint.value(java.lang.String)
09:40:50 [main] INFO  EndpointHandlerMapping - Mapped "{[/env || /env.json],methods=[GET],produces=[application/vnd.spring-boot.actuator.v1+json || application/json]}" onto public java.lang.Object org.springframework.boot.actuate.endpoint.mvc.EndpointMvcAdapter.invoke()
09:40:50 [main] INFO  EndpointHandlerMapping - Mapped "{[/autoconfig || /autoconfig.json],methods=[GET],produces=[application/vnd.spring-boot.actuator.v1+json || application/json]}" onto public java.lang.Object org.springframework.boot.actuate.endpoint.mvc.EndpointMvcAdapter.invoke()
09:40:50 [main] INFO  EndpointHandlerMapping - Mapped "{[/archaius || /archaius.json],methods=[GET],produces=[application/vnd.spring-boot.actuator.v1+json || application/json]}" onto public java.lang.Object org.springframework.boot.actuate.endpoint.mvc.EndpointMvcAdapter.invoke()
09:40:50 [main] INFO  EndpointHandlerMapping - Mapped "{[/info || /info.json],methods=[GET],produces=[application/vnd.spring-boot.actuator.v1+json || application/json]}" onto public java.lang.Object org.springframework.boot.actuate.endpoint.mvc.EndpointMvcAdapter.invoke()
09:40:50 [main] INFO  EndpointHandlerMapping - Mapped "{[/metrics/{name:.*}],methods=[GET],produces=[application/vnd.spring-boot.actuator.v1+json || application/json]}" onto public java.lang.Object org.springframework.boot.actuate.endpoint.mvc.MetricsMvcEndpoint.value(java.lang.String)
09:40:50 [main] INFO  EndpointHandlerMapping - Mapped "{[/metrics || /metrics.json],methods=[GET],produces=[application/vnd.spring-boot.actuator.v1+json || application/json]}" onto public java.lang.Object org.springframework.boot.actuate.endpoint.mvc.EndpointMvcAdapter.invoke()
09:40:50 [main] INFO  EndpointHandlerMapping - Mapped "{[/jolokia/**]}" onto public org.springframework.web.servlet.ModelAndView org.springframework.boot.actuate.endpoint.mvc.JolokiaMvcEndpoint.handle(javax.servlet.http.HttpServletRequest,javax.servlet.http.HttpServletResponse) throws java.lang.Exception
09:40:50 [main] INFO  EndpointHandlerMapping - Mapped "{[/druid-endpoint || /druid-endpoint.json],methods=[GET],produces=[application/vnd.spring-boot.actuator.v1+json || application/json]}" onto public java.lang.Object com.alibaba.druid.spring.boot.autoconfigure.actuator.endpoint.DruidDataSourceMvcEndpoint.invoke()
09:40:51 [main] INFO  PropertySourcedRequestMappingHandlerMapping - Mapped URL path [/v2/api-docs] onto method [public org.springframework.http.ResponseEntity<springfox.documentation.spring.web.json.Json> springfox.documentation.swagger2.web.Swagger2Controller.getDocumentation(java.lang.String,javax.servlet.http.HttpServletRequest)]
09:40:51 [main] WARN  URLConfigurationSource - No URLs will be polled as dynamic configuration sources.
09:40:51 [main] INFO  URLConfigurationSource - To enable URLs as dynamic configuration sources, define System property archaius.configurationSource.additionalUrls or make config.properties available on classpath.
09:40:51 [main] INFO  RequestMappingHandlerAdapter - Looking for @ControllerAdvice: org.springframework.web.context.support.GenericWebApplicationContext@315f22: startup date [Fri Aug 02 09:40:42 CST 2019]; parent: org.springframework.context.annotation.AnnotationConfigApplicationContext@13f69cc
09:40:52 [main] INFO  SimpleUrlHandlerMapping - Mapped URL path [/static/**] onto handler of type [class org.springframework.web.servlet.resource.ResourceHttpRequestHandler]
09:40:52 [main] INFO  SimpleUrlHandlerMapping - Mapped URL path [/resources/**] onto handler of type [class org.springframework.web.servlet.resource.ResourceHttpRequestHandler]
09:40:52 [main] INFO  SimpleUrlHandlerMapping - Mapped URL path [/webjars/**] onto handler of type [class org.springframework.web.servlet.resource.ResourceHttpRequestHandler]
09:40:52 [main] INFO  SimpleUrlHandlerMapping - Mapped URL path [/**] onto handler of type [class org.springframework.web.servlet.resource.ResourceHttpRequestHandler]
09:40:52 [main] INFO  ExceptionHandlerExceptionResolver - Detected @ExceptionHandler methods in globalExceptionHandler
09:40:52 [main] INFO  SimpleUrlHandlerMapping - Mapped URL path [/**/favicon.ico] onto handler of type [class org.springframework.web.servlet.resource.ResourceHttpRequestHandler]
09:40:52 [main] INFO  DefaultSecurityFilterChain - Creating filter chain: OrRequestMatcher [requestMatchers=[Ant [pattern='/css/**'], Ant [pattern='/js/**'], Ant [pattern='/images/**'], Ant [pattern='/webjars/**'], Ant [pattern='/**/favicon.ico'], Ant [pattern='/error']]], []
09:40:53 [main] INFO  DefaultSecurityFilterChain - Creating filter chain: org.springframework.boot.actuate.autoconfigure.ManagementWebSecurityAutoConfiguration$LazyEndpointPathRequestMatcher@723adf, [org.springframework.security.web.context.request.async.WebAsyncManagerIntegrationFilter@1289126, org.springframework.security.web.context.SecurityContextPersistenceFilter@101be54, org.springframework.security.web.header.HeaderWriterFilter@6e76ad, org.springframework.web.filter.CorsFilter@cbbe87, org.springframework.security.web.authentication.logout.LogoutFilter@fefbe6, org.springframework.security.web.authentication.www.BasicAuthenticationFilter@1baaf17, org.springframework.security.web.savedrequest.RequestCacheAwareFilter@1019596, org.springframework.security.web.servletapi.SecurityContextHolderAwareRequestFilter@1bcea1, org.springframework.security.web.authentication.AnonymousAuthenticationFilter@e32574, org.springframework.security.web.session.SessionManagementFilter@16098fd, org.springframework.security.web.access.ExceptionTranslationFilter@1f79942, org.springframework.security.web.access.intercept.FilterSecurityInterceptor@153db1a]
09:40:53 [main] INFO  DefaultSecurityFilterChain - Creating filter chain: OrRequestMatcher [requestMatchers=[Ant [pattern='/**']]], [org.springframework.security.web.context.request.async.WebAsyncManagerIntegrationFilter@788194, org.springframework.security.web.context.SecurityContextPersistenceFilter@64ee53, org.springframework.security.web.header.HeaderWriterFilter@fd3eee, org.springframework.security.web.authentication.logout.LogoutFilter@4f033d, org.springframework.security.web.authentication.www.BasicAuthenticationFilter@1526f91, org.springframework.security.web.savedrequest.RequestCacheAwareFilter@1c7d3f4, org.springframework.security.web.servletapi.SecurityContextHolderAwareRequestFilter@2c89ac, org.springframework.security.web.authentication.AnonymousAuthenticationFilter@513627, org.springframework.security.web.session.SessionManagementFilter@19ff1cd, org.springframework.security.web.access.ExceptionTranslationFilter@1bb186b, org.springframework.security.web.access.intercept.FilterSecurityInterceptor@48a248]
09:40:53 [main] WARN  EurekaStarterDeprecationWarningAutoConfiguration - spring-cloud-starter-eureka is deprecated as of Spring Cloud Netflix 1.4.0, please migrate to spring-cloud-starter-netflix-eureka
09:40:53 [main] INFO  DefaultLifecycleProcessor - Starting beans in phase 0
09:40:53 [main] INFO  DefaultLifecycleProcessor - Starting beans in phase 2147483647
09:40:53 [main] INFO  DocumentationPluginsBootstrapper - Context refreshed
09:40:53 [main] INFO  DocumentationPluginsBootstrapper - Found 1 custom documentation plugin(s)
09:40:53 [main] INFO  ApiListingReferenceScanner - Scanning for api listing references
09:40:53 [main] INFO  HystrixCircuitBreakerConfiguration$HystrixMetricsPollerConfiguration - Starting poller
09:40:53 [main] INFO  OmsDlsbServiceApplicationTests - Started OmsDlsbServiceApplicationTests in 13.229 seconds (JVM running for 14.57)
09:40:54 [Thread-9] INFO  GenericWebApplicationContext - Closing org.springframework.web.context.support.GenericWebApplicationContext@315f22: startup date [Fri Aug 02 09:40:42 CST 2019]; parent: org.springframework.context.annotation.AnnotationConfigApplicationContext@13f69cc
09:40:54 [Thread-9] INFO  InstanceInfoFactory - Setting initial instance status as: STARTING
09:40:54 [Thread-9] INFO  EurekaServiceRegistry - Unregistering application oms-dlsb-service with eureka with status DOWN
09:40:54 [Thread-9] INFO  DefaultLifecycleProcessor - Stopping beans in phase 2147483647
09:40:54 [Thread-9] INFO  DefaultLifecycleProcessor - Stopping beans in phase 0
09:40:54 [Thread-9] WARN  URLConfigurationSource - No URLs will be polled as dynamic configuration sources.
09:40:54 [Thread-9] INFO  URLConfigurationSource - To enable URLs as dynamic configuration sources, define System property archaius.configurationSource.additionalUrls or make config.properties available on classpath.
09:40:54 [Thread-9] INFO  DiscoveryClient - Initializing Eureka in region us-east-1
09:40:54 [Thread-9] INFO  DiscoveryJerseyProvider - Using JSON encoding codec LegacyJacksonJson
09:40:54 [Thread-9] INFO  DiscoveryJerseyProvider - Using JSON decoding codec LegacyJacksonJson
09:40:54 [Thread-9] INFO  DiscoveryJerseyProvider - Using XML encoding codec XStreamXml
09:40:54 [Thread-9] INFO  DiscoveryJerseyProvider - Using XML decoding codec XStreamXml
09:40:55 [Thread-9] INFO  ConfigClusterResolver - Resolving eureka endpoints via configuration
09:40:55 [Thread-9] INFO  DiscoveryClient - Disable delta property : false
09:40:55 [Thread-9] INFO  DiscoveryClient - Single vip registry refresh property : null
09:40:55 [Thread-9] INFO  DiscoveryClient - Force full registry fetch : false
09:40:55 [Thread-9] INFO  DiscoveryClient - Application is null : false
09:40:55 [Thread-9] INFO  DiscoveryClient - Registered Applications size is zero : true
09:40:55 [Thread-9] INFO  DiscoveryClient - Application version is -1: true
09:40:55 [Thread-9] INFO  DiscoveryClient - Getting all instance registry info from the eureka server
09:40:55 [Thread-9] INFO  DiscoveryClient - The response status is 200
09:40:55 [Thread-9] INFO  DiscoveryClient - Starting heartbeat executor: renew interval is: 30
09:40:55 [Thread-9] INFO  InstanceInfoReplicator - InstanceInfoReplicator onDemand update allowed rate per min is 4
09:40:55 [Thread-9] INFO  DiscoveryClient - Discovery Client initialized at timestamp 1564710055477 with initial instances count: 8
09:40:55 [Thread-9] INFO  DiscoveryClient - Shutting down DiscoveryClient ...
09:40:55 [Thread-9] INFO  DiscoveryClient - Unregistering ...
09:40:55 [Thread-9] INFO  DiscoveryClient - DiscoveryClient_OMS-DLSB-SERVICE/oms-dlsb-service:10.52.2.110:-1 - deregister  status: 404
09:40:55 [Thread-9] INFO  DiscoveryClient - Completed shut down of DiscoveryClient
09:40:55 [Thread-9] INFO  DruidDataSource - {dataSource-1} closed
