09:43:03 [main] INFO  SpringBootTestContextBootstrapper - Neither @ContextConfiguration nor @ContextHierarchy found for test class [com.dc.OmsDlsbServiceRmApplicationTests], using SpringBootContextLoader
09:43:03 [main] INFO  AbstractContextLoader - Could not detect default resource locations for test class [com.dc.OmsDlsbServiceRmApplicationTests]: no resource found for suffixes {-context.xml, Context.groovy}.
09:43:03 [main] INFO  AnnotationConfigContextLoaderUtils - Could not detect default configuration classes for test class [com.dc.OmsDlsbServiceRmApplicationTests]: OmsDlsbServiceRmApplicationTests does not declare any static, non-private, non-final, nested classes annotated with @Configuration.
09:43:03 [main] INFO  SpringBootTestContextBootstrapper - Found @SpringBootConfiguration com.dc.OmsDlsbServiceRmApplication for test class com.dc.OmsDlsbServiceRmApplicationTests
09:43:03 [main] INFO  SpringBootTestContextBootstrapper - Loaded default TestExecutionListener class names from location [META-INF/spring.factories]: [org.springframework.boot.test.mock.mockito.MockitoTestExecutionListener, org.springframework.boot.test.mock.mockito.ResetMocksTestExecutionListener, org.springframework.boot.test.autoconfigure.restdocs.RestDocsTestExecutionListener, org.springframework.boot.test.autoconfigure.web.client.MockRestServiceServerResetTestExecutionListener, org.springframework.boot.test.autoconfigure.web.servlet.MockMvcPrintOnlyOnFailureTestExecutionListener, org.springframework.boot.test.autoconfigure.web.servlet.WebDriverTestExecutionListener, org.springframework.test.context.web.ServletTestExecutionListener, org.springframework.test.context.support.DirtiesContextBeforeModesTestExecutionListener, org.springframework.test.context.support.DependencyInjectionTestExecutionListener, org.springframework.test.context.support.DirtiesContextTestExecutionListener, org.springframework.test.context.transaction.TransactionalTestExecutionListener, org.springframework.test.context.jdbc.SqlScriptsTestExecutionListener, org.springframework.security.test.context.support.WithSecurityContextTestExecutionListener]
09:43:03 [main] INFO  SpringBootTestContextBootstrapper - Using TestExecutionListeners: [org.springframework.test.context.web.ServletTestExecutionListener@18b6731, org.springframework.test.context.support.DirtiesContextBeforeModesTestExecutionListener@6908d7, org.springframework.boot.test.autoconfigure.SpringBootDependencyInjectionTestExecutionListener@9754d8, org.springframework.test.context.support.DirtiesContextTestExecutionListener@1f7ca37, org.springframework.test.context.transaction.TransactionalTestExecutionListener@1079097, org.springframework.test.context.jdbc.SqlScriptsTestExecutionListener@11c00d0, org.springframework.security.test.context.support.WithSecurityContextTestExecutionListener@12bac3f, org.springframework.boot.test.mock.mockito.MockitoTestExecutionListener@8711f, org.springframework.boot.test.mock.mockito.ResetMocksTestExecutionListener@1cec361, org.springframework.boot.test.autoconfigure.restdocs.RestDocsTestExecutionListener@794848, org.springframework.boot.test.autoconfigure.web.client.MockRestServiceServerResetTestExecutionListener@2552ec, org.springframework.boot.test.autoconfigure.web.servlet.MockMvcPrintOnlyOnFailureTestExecutionListener@1285d7e, org.springframework.boot.test.autoconfigure.web.servlet.WebDriverTestExecutionListener@5471]
09:43:03 [main] INFO  SpringBootTestContextBootstrapper - Neither @ContextConfiguration nor @ContextHierarchy found for test class [com.dc.OmsDlsbServiceRmApplicationTests], using SpringBootContextLoader
09:43:03 [main] INFO  AbstractContextLoader - Could not detect default resource locations for test class [com.dc.OmsDlsbServiceRmApplicationTests]: no resource found for suffixes {-context.xml, Context.groovy}.
09:43:03 [main] INFO  AnnotationConfigContextLoaderUtils - Could not detect default configuration classes for test class [com.dc.OmsDlsbServiceRmApplicationTests]: OmsDlsbServiceRmApplicationTests does not declare any static, non-private, non-final, nested classes annotated with @Configuration.
09:43:03 [main] INFO  SpringBootTestContextBootstrapper - Found @SpringBootConfiguration com.dc.OmsDlsbServiceRmApplication for test class com.dc.OmsDlsbServiceRmApplicationTests
09:43:03 [main] INFO  SpringBootTestContextBootstrapper - Loaded default TestExecutionListener class names from location [META-INF/spring.factories]: [org.springframework.boot.test.mock.mockito.MockitoTestExecutionListener, org.springframework.boot.test.mock.mockito.ResetMocksTestExecutionListener, org.springframework.boot.test.autoconfigure.restdocs.RestDocsTestExecutionListener, org.springframework.boot.test.autoconfigure.web.client.MockRestServiceServerResetTestExecutionListener, org.springframework.boot.test.autoconfigure.web.servlet.MockMvcPrintOnlyOnFailureTestExecutionListener, org.springframework.boot.test.autoconfigure.web.servlet.WebDriverTestExecutionListener, org.springframework.test.context.web.ServletTestExecutionListener, org.springframework.test.context.support.DirtiesContextBeforeModesTestExecutionListener, org.springframework.test.context.support.DependencyInjectionTestExecutionListener, org.springframework.test.context.support.DirtiesContextTestExecutionListener, org.springframework.test.context.transaction.TransactionalTestExecutionListener, org.springframework.test.context.jdbc.SqlScriptsTestExecutionListener, org.springframework.security.test.context.support.WithSecurityContextTestExecutionListener]
09:43:03 [main] INFO  SpringBootTestContextBootstrapper - Using TestExecutionListeners: [org.springframework.test.context.web.ServletTestExecutionListener@4970b0, org.springframework.test.context.support.DirtiesContextBeforeModesTestExecutionListener@70f8a6, org.springframework.boot.test.autoconfigure.SpringBootDependencyInjectionTestExecutionListener@83dc97, org.springframework.test.context.support.DirtiesContextTestExecutionListener@148410a, org.springframework.test.context.transaction.TransactionalTestExecutionListener@773a3, org.springframework.test.context.jdbc.SqlScriptsTestExecutionListener@1f1104d, org.springframework.security.test.context.support.WithSecurityContextTestExecutionListener@1740540, org.springframework.boot.test.mock.mockito.MockitoTestExecutionListener@15ef5, org.springframework.boot.test.mock.mockito.ResetMocksTestExecutionListener@154a33d, org.springframework.boot.test.autoconfigure.restdocs.RestDocsTestExecutionListener@18bde2, org.springframework.boot.test.autoconfigure.web.client.MockRestServiceServerResetTestExecutionListener@1b3f4a4, org.springframework.boot.test.autoconfigure.web.servlet.MockMvcPrintOnlyOnFailureTestExecutionListener@12ff811, org.springframework.boot.test.autoconfigure.web.servlet.WebDriverTestExecutionListener@168ff82]
09:43:04 [main] INFO  AnnotationConfigApplicationContext - Refreshing org.springframework.context.annotation.AnnotationConfigApplicationContext@13f69cc: startup date [Fri Aug 02 09:43:04 CST 2019]; root of context hierarchy
09:43:04 [main] INFO  AutowiredAnnotationBeanPostProcessor - JSR-330 'javax.inject.Inject' annotation found and supported for autowiring
09:43:05 [main] INFO  PostProcessorRegistrationDelegate$BeanPostProcessorChecker - Bean 'configurationPropertiesRebinderAutoConfiguration' of type [org.springframework.cloud.autoconfigure.ConfigurationPropertiesRebinderAutoConfiguration$$EnhancerBySpringCGLIB$$46fe7d03] is not eligible for getting processed by all BeanPostProcessors (for example: not eligible for auto-proxying)
09:43:05 [background-preinit] INFO  Version - HV000001: Hibernate Validator 5.3.6.Final
09:43:05 [main] INFO  OmsDlsbServiceRmApplicationTests - No active profile set, falling back to default profiles: default
09:43:05 [main] INFO  GenericWebApplicationContext - Refreshing org.springframework.web.context.support.GenericWebApplicationContext@17b32ef: startup date [Fri Aug 02 09:43:05 CST 2019]; parent: org.springframework.context.annotation.AnnotationConfigApplicationContext@13f69cc
09:43:06 [main] INFO  DefaultListableBeanFactory - Overriding bean definition for bean 'feignLoggerLevel' with a different definition: replacing [Root bean: class [null]; scope=; abstract=false; lazyInit=false; autowireMode=3; dependencyCheck=0; autowireCandidate=true; primary=false; factoryBeanName=dlsbOmsFeignConfiguration; factoryMethodName=feignLoggerLevel; initMethodName=null; destroyMethodName=(inferred); defined in class path resource [com/dc/dlsb/common/DlsbOmsFeignConfiguration.class]] with [Root bean: class [null]; scope=; abstract=false; lazyInit=false; autowireMode=3; dependencyCheck=0; autowireCandidate=true; primary=false; factoryBeanName=dlsbRmFeignConfiguration; factoryMethodName=feignLoggerLevel; initMethodName=null; destroyMethodName=(inferred); defined in class path resource [com/dc/dlsb/common/DlsbRmFeignConfiguration.class]]
09:43:06 [main] INFO  DefaultListableBeanFactory - Overriding bean definition for bean 'dcBasicAuthRequestInterceptor' with a different definition: replacing [Root bean: class [null]; scope=; abstract=false; lazyInit=false; autowireMode=3; dependencyCheck=0; autowireCandidate=true; primary=false; factoryBeanName=dlsbOmsFeignConfiguration; factoryMethodName=dcBasicAuthRequestInterceptor; initMethodName=null; destroyMethodName=(inferred); defined in class path resource [com/dc/dlsb/common/DlsbOmsFeignConfiguration.class]] with [Root bean: class [null]; scope=; abstract=false; lazyInit=false; autowireMode=3; dependencyCheck=0; autowireCandidate=true; primary=false; factoryBeanName=dlsbRmFeignConfiguration; factoryMethodName=dcBasicAuthRequestInterceptor; initMethodName=null; destroyMethodName=(inferred); defined in class path resource [com/dc/dlsb/common/DlsbRmFeignConfiguration.class]]
09:43:06 [main] INFO  DefaultListableBeanFactory - Overriding bean definition for bean 'options' with a different definition: replacing [Root bean: class [null]; scope=; abstract=false; lazyInit=false; autowireMode=3; dependencyCheck=0; autowireCandidate=true; primary=false; factoryBeanName=dlsbOmsFeignConfiguration; factoryMethodName=options; initMethodName=null; destroyMethodName=(inferred); defined in class path resource [com/dc/dlsb/common/DlsbOmsFeignConfiguration.class]] with [Root bean: class [null]; scope=; abstract=false; lazyInit=false; autowireMode=3; dependencyCheck=0; autowireCandidate=true; primary=false; factoryBeanName=dlsbRmFeignConfiguration; factoryMethodName=options; initMethodName=null; destroyMethodName=(inferred); defined in class path resource [com/dc/dlsb/common/DlsbRmFeignConfiguration.class]]
09:43:06 [main] INFO  DefaultListableBeanFactory - Overriding bean definition for bean 'feignLoggerLevel' with a different definition: replacing [Root bean: class [null]; scope=; abstract=false; lazyInit=false; autowireMode=3; dependencyCheck=0; autowireCandidate=true; primary=false; factoryBeanName=dlsbRmFeignConfiguration; factoryMethodName=feignLoggerLevel; initMethodName=null; destroyMethodName=(inferred); defined in class path resource [com/dc/dlsb/common/DlsbRmFeignConfiguration.class]] with [Root bean: class [null]; scope=; abstract=false; lazyInit=false; autowireMode=3; dependencyCheck=0; autowireCandidate=true; primary=false; factoryBeanName=feignConfiguration; factoryMethodName=feignLoggerLevel; initMethodName=null; destroyMethodName=(inferred); defined in class path resource [com/dc/common/config/FeignConfiguration.class]]
09:43:06 [main] INFO  DefaultListableBeanFactory - Overriding bean definition for bean 'dcBasicAuthRequestInterceptor' with a different definition: replacing [Root bean: class [null]; scope=; abstract=false; lazyInit=false; autowireMode=3; dependencyCheck=0; autowireCandidate=true; primary=false; factoryBeanName=dlsbRmFeignConfiguration; factoryMethodName=dcBasicAuthRequestInterceptor; initMethodName=null; destroyMethodName=(inferred); defined in class path resource [com/dc/dlsb/common/DlsbRmFeignConfiguration.class]] with [Root bean: class [null]; scope=; abstract=false; lazyInit=false; autowireMode=3; dependencyCheck=0; autowireCandidate=true; primary=false; factoryBeanName=feignConfiguration; factoryMethodName=dcBasicAuthRequestInterceptor; initMethodName=null; destroyMethodName=(inferred); defined in class path resource [com/dc/common/config/FeignConfiguration.class]]
09:43:06 [main] INFO  DefaultListableBeanFactory - Overriding bean definition for bean 'options' with a different definition: replacing [Root bean: class [null]; scope=; abstract=false; lazyInit=false; autowireMode=3; dependencyCheck=0; autowireCandidate=true; primary=false; factoryBeanName=dlsbRmFeignConfiguration; factoryMethodName=options; initMethodName=null; destroyMethodName=(inferred); defined in class path resource [com/dc/dlsb/common/DlsbRmFeignConfiguration.class]] with [Root bean: class [null]; scope=; abstract=false; lazyInit=false; autowireMode=3; dependencyCheck=0; autowireCandidate=true; primary=false; factoryBeanName=feignConfiguration; factoryMethodName=options; initMethodName=null; destroyMethodName=(inferred); defined in class path resource [com/dc/common/config/FeignConfiguration.class]]
09:43:07 [main] INFO  DefaultListableBeanFactory - Overriding bean definition for bean 'BASE-SERVICE.FeignClientSpecification' with a different definition: replacing [Generic bean: class [org.springframework.cloud.netflix.feign.FeignClientSpecification]; scope=; abstract=false; lazyInit=false; autowireMode=0; dependencyCheck=0; autowireCandidate=true; primary=false; factoryBeanName=null; factoryMethodName=null; initMethodName=null; destroyMethodName=null] with [Generic bean: class [org.springframework.cloud.netflix.feign.FeignClientSpecification]; scope=; abstract=false; lazyInit=false; autowireMode=0; dependencyCheck=0; autowireCandidate=true; primary=false; factoryBeanName=null; factoryMethodName=null; initMethodName=null; destroyMethodName=null]
09:43:07 [main] INFO  DefaultListableBeanFactory - Overriding bean definition for bean 'BASE-SERVICE.FeignClientSpecification' with a different definition: replacing [Generic bean: class [org.springframework.cloud.netflix.feign.FeignClientSpecification]; scope=; abstract=false; lazyInit=false; autowireMode=0; dependencyCheck=0; autowireCandidate=true; primary=false; factoryBeanName=null; factoryMethodName=null; initMethodName=null; destroyMethodName=null] with [Generic bean: class [org.springframework.cloud.netflix.feign.FeignClientSpecification]; scope=; abstract=false; lazyInit=false; autowireMode=0; dependencyCheck=0; autowireCandidate=true; primary=false; factoryBeanName=null; factoryMethodName=null; initMethodName=null; destroyMethodName=null]
09:43:07 [main] INFO  GenericScope - BeanFactory id=5e455502-74f7-32c1-99f6-5ccb5d276aaa
09:43:07 [main] INFO  AutowiredAnnotationBeanPostProcessor - JSR-330 'javax.inject.Inject' annotation found and supported for autowiring
09:43:08 [main] INFO  PostProcessorRegistrationDelegate$BeanPostProcessorChecker - Bean 'com.alibaba.druid.spring.boot.autoconfigure.stat.DruidSpringAopConfiguration' of type [com.alibaba.druid.spring.boot.autoconfigure.stat.DruidSpringAopConfiguration] is not eligible for getting processed by all BeanPostProcessors (for example: not eligible for auto-proxying)
09:43:08 [main] INFO  PostProcessorRegistrationDelegate$BeanPostProcessorChecker - Bean 'spring.datasource.druid-com.alibaba.druid.spring.boot.autoconfigure.properties.DruidStatProperties' of type [com.alibaba.druid.spring.boot.autoconfigure.properties.DruidStatProperties] is not eligible for getting processed by all BeanPostProcessors (for example: not eligible for auto-proxying)
09:43:08 [main] INFO  PostProcessorRegistrationDelegate$BeanPostProcessorChecker - Bean 'advisor' of type [org.springframework.aop.support.RegexpMethodPointcutAdvisor] is not eligible for getting processed by all BeanPostProcessors (for example: not eligible for auto-proxying)
09:43:08 [main] INFO  PostProcessorRegistrationDelegate$BeanPostProcessorChecker - Bean 'org.springframework.transaction.annotation.ProxyTransactionManagementConfiguration' of type [org.springframework.transaction.annotation.ProxyTransactionManagementConfiguration$$EnhancerBySpringCGLIB$$2ae47a06] is not eligible for getting processed by all BeanPostProcessors (for example: not eligible for auto-proxying)
09:43:08 [main] INFO  PostProcessorRegistrationDelegate$BeanPostProcessorChecker - Bean 'org.springframework.cloud.netflix.metrics.MetricsInterceptorConfiguration$MetricsRestTemplateConfiguration' of type [org.springframework.cloud.netflix.metrics.MetricsInterceptorConfiguration$MetricsRestTemplateConfiguration$$EnhancerBySpringCGLIB$$5d112047] is not eligible for getting processed by all BeanPostProcessors (for example: not eligible for auto-proxying)
09:43:08 [main] INFO  PostProcessorRegistrationDelegate$BeanPostProcessorChecker - Bean 'org.springframework.cloud.autoconfigure.ConfigurationPropertiesRebinderAutoConfiguration' of type [org.springframework.cloud.autoconfigure.ConfigurationPropertiesRebinderAutoConfiguration$$EnhancerBySpringCGLIB$$46fe7d03] is not eligible for getting processed by all BeanPostProcessors (for example: not eligible for auto-proxying)
09:43:08 [main] INFO  DruidDataSourceAutoConfigure - Init DruidDataSource
09:43:09 [main] ERROR DruidAbstractDataSource - oracle.jdbc.driver.OracleDriver is deprecated.
09:43:10 [main] INFO  DruidDataSource - {dataSource-1} inited
09:43:11 [main] INFO  SpringBootMockServletContext - jolokia: No access restrictor found, access to any MBean is allowed
09:43:12 [main] INFO  RequestMappingHandlerMapping - Mapped "{[/dlsbrm/getDcSbDataByDateAndDcid],methods=[GET]}" onto public com.dc.dlsb.model.DmeDrcSumFgpData com.dc.dlsb.rest.DlsbRmControllerRest.getDcSbDataByDateAndDcid(java.lang.String,java.lang.String)
09:43:12 [main] INFO  RequestMappingHandlerMapping - Mapped "{[/dlsbrm/findBysbOmsOrgid],methods=[GET]}" onto public java.util.List<com.dc.dlsb.model.DmeDrcDdrbCfg> com.dc.dlsb.rest.DlsbRmControllerRest.findBysbOmsOrgid(java.lang.String)
09:43:12 [main] INFO  RequestMappingHandlerMapping - Mapped "{[/dlsbrm/getJzSbDataBy],methods=[GET]}" onto public com.dc.dlsb.model.DmeDrcSumJzData com.dc.dlsb.rest.DlsbRmControllerRest.getJzSbDataBy(java.lang.String,java.lang.String,java.lang.String)
09:43:12 [main] INFO  RequestMappingHandlerMapping - Mapped "{[/dlsbrm/updateSbData],methods=[PUT]}" onto public int com.dc.dlsb.rest.DlsbRmControllerRest.updateSbData(com.dc.dlsb.vomodel.SbDataDbMod)
09:43:12 [main] INFO  RequestMappingHandlerMapping - Mapped "{[/dlsbrm/saveSbData],methods=[POST]}" onto public int com.dc.dlsb.rest.DlsbRmControllerRest.saveSbData(com.dc.dlsb.vomodel.SbDataDbMod)
09:43:12 [main] INFO  RequestMappingHandlerMapping - Mapped "{[/dlsbrm/addNewSbData],methods=[PUT]}" onto public int com.dc.dlsb.rest.DlsbRmControllerRest.addNewSbData(com.dc.dlsb.vomodel.SbDataDbMod)
09:43:12 [main] INFO  RequestMappingHandlerMapping - Mapped "{[/dlsbrm/findBydclx],methods=[GET]}" onto public java.util.List<com.dc.dlsb.model.DmeDrcDdrbCfg> com.dc.dlsb.rest.DlsbRmControllerRest.findBydclx(java.lang.String[])
09:43:12 [main] INFO  RequestMappingHandlerMapping - Mapped "{[/dlsbrm/findByDlldbId],methods=[GET]}" onto public com.dc.dlsb.model.DmeDrcDdrbCfg com.dc.dlsb.rest.DlsbRmControllerRest.findByDlldbId(java.lang.String)
09:43:12 [main] INFO  RequestMappingHandlerMapping - Mapped "{[/swagger-resources/configuration/security]}" onto public org.springframework.http.ResponseEntity<springfox.documentation.swagger.web.SecurityConfiguration> springfox.documentation.swagger.web.ApiResourceController.securityConfiguration()
09:43:12 [main] INFO  RequestMappingHandlerMapping - Mapped "{[/swagger-resources]}" onto public org.springframework.http.ResponseEntity<java.util.List<springfox.documentation.swagger.web.SwaggerResource>> springfox.documentation.swagger.web.ApiResourceController.swaggerResources()
09:43:12 [main] INFO  RequestMappingHandlerMapping - Mapped "{[/swagger-resources/configuration/ui]}" onto public org.springframework.http.ResponseEntity<springfox.documentation.swagger.web.UiConfiguration> springfox.documentation.swagger.web.ApiResourceController.uiConfiguration()
09:43:12 [main] INFO  RequestMappingHandlerMapping - Mapped "{[/error]}" onto public org.springframework.http.ResponseEntity<java.util.Map<java.lang.String, java.lang.Object>> org.springframework.boot.autoconfigure.web.BasicErrorController.error(javax.servlet.http.HttpServletRequest)
09:43:12 [main] INFO  RequestMappingHandlerMapping - Mapped "{[/error],produces=[text/html]}" onto public org.springframework.web.servlet.ModelAndView org.springframework.boot.autoconfigure.web.BasicErrorController.errorHtml(javax.servlet.http.HttpServletRequest,javax.servlet.http.HttpServletResponse)
09:43:12 [main] WARN  URLConfigurationSource - No URLs will be polled as dynamic configuration sources.
09:43:12 [main] INFO  URLConfigurationSource - To enable URLs as dynamic configuration sources, define System property archaius.configurationSource.additionalUrls or make config.properties available on classpath.
09:43:12 [main] INFO  DynamicPropertyFactory - DynamicPropertyFactory is initialized with configuration sources: com.netflix.config.ConcurrentCompositeConfiguration@169e70c
09:43:13 [main] INFO  EndpointHandlerMapping - Mapped "{[/druid-endpoint || /druid-endpoint.json],methods=[GET],produces=[application/vnd.spring-boot.actuator.v1+json || application/json]}" onto public java.lang.Object com.alibaba.druid.spring.boot.autoconfigure.actuator.endpoint.DruidDataSourceMvcEndpoint.invoke()
09:43:13 [main] INFO  EndpointHandlerMapping - Mapped "{[/features || /features.json],methods=[GET],produces=[application/vnd.spring-boot.actuator.v1+json || application/json]}" onto public java.lang.Object org.springframework.boot.actuate.endpoint.mvc.EndpointMvcAdapter.invoke()
09:43:13 [main] INFO  EndpointHandlerMapping - Mapped "{[/archaius || /archaius.json],methods=[GET],produces=[application/vnd.spring-boot.actuator.v1+json || application/json]}" onto public java.lang.Object org.springframework.boot.actuate.endpoint.mvc.EndpointMvcAdapter.invoke()
09:43:13 [main] INFO  EndpointHandlerMapping - Mapped "{[/refresh || /refresh.json],methods=[POST]}" onto public java.lang.Object org.springframework.cloud.endpoint.GenericPostableMvcEndpoint.invoke()
09:43:13 [main] INFO  EndpointHandlerMapping - Mapped "{[/service-registry/instance-status],methods=[GET]}" onto public org.springframework.http.ResponseEntity org.springframework.cloud.client.serviceregistry.endpoint.ServiceRegistryEndpoint.getStatus()
09:43:13 [main] INFO  EndpointHandlerMapping - Mapped "{[/service-registry/instance-status],methods=[POST]}" onto public org.springframework.http.ResponseEntity<?> org.springframework.cloud.client.serviceregistry.endpoint.ServiceRegistryEndpoint.setStatus(java.lang.String)
09:43:13 [main] INFO  EndpointHandlerMapping - Mapped "{[/info || /info.json],methods=[GET],produces=[application/vnd.spring-boot.actuator.v1+json || application/json]}" onto public java.lang.Object org.springframework.boot.actuate.endpoint.mvc.EndpointMvcAdapter.invoke()
09:43:13 [main] INFO  EndpointHandlerMapping - Mapped "{[/loggers/{name:.*}],methods=[GET],produces=[application/vnd.spring-boot.actuator.v1+json || application/json]}" onto public java.lang.Object org.springframework.boot.actuate.endpoint.mvc.LoggersMvcEndpoint.get(java.lang.String)
09:43:13 [main] INFO  EndpointHandlerMapping - Mapped "{[/loggers/{name:.*}],methods=[POST],consumes=[application/vnd.spring-boot.actuator.v1+json || application/json],produces=[application/vnd.spring-boot.actuator.v1+json || application/json]}" onto public java.lang.Object org.springframework.boot.actuate.endpoint.mvc.LoggersMvcEndpoint.set(java.lang.String,java.util.Map<java.lang.String, java.lang.String>)
09:43:13 [main] INFO  EndpointHandlerMapping - Mapped "{[/loggers || /loggers.json],methods=[GET],produces=[application/vnd.spring-boot.actuator.v1+json || application/json]}" onto public java.lang.Object org.springframework.boot.actuate.endpoint.mvc.EndpointMvcAdapter.invoke()
09:43:13 [main] INFO  EndpointHandlerMapping - Mapped "{[/auditevents || /auditevents.json],methods=[GET],produces=[application/vnd.spring-boot.actuator.v1+json || application/json]}" onto public org.springframework.http.ResponseEntity<?> org.springframework.boot.actuate.endpoint.mvc.AuditEventsMvcEndpoint.findByPrincipalAndAfterAndType(java.lang.String,java.util.Date,java.lang.String)
09:43:13 [main] INFO  EndpointHandlerMapping - Mapped "{[/env],methods=[POST]}" onto public java.lang.Object org.springframework.cloud.context.environment.EnvironmentManagerMvcEndpoint.value(java.util.Map<java.lang.String, java.lang.String>)
09:43:13 [main] INFO  EndpointHandlerMapping - Mapped "{[/env/reset],methods=[POST]}" onto public java.util.Map<java.lang.String, java.lang.Object> org.springframework.cloud.context.environment.EnvironmentManagerMvcEndpoint.reset()
09:43:13 [main] INFO  EndpointHandlerMapping - Mapped "{[/configprops || /configprops.json],methods=[GET],produces=[application/vnd.spring-boot.actuator.v1+json || application/json]}" onto public java.lang.Object org.springframework.boot.actuate.endpoint.mvc.EndpointMvcAdapter.invoke()
09:43:13 [main] INFO  EndpointHandlerMapping - Mapped "{[/dump || /dump.json],methods=[GET],produces=[application/vnd.spring-boot.actuator.v1+json || application/json]}" onto public java.lang.Object org.springframework.boot.actuate.endpoint.mvc.EndpointMvcAdapter.invoke()
09:43:13 [main] INFO  EndpointHandlerMapping - Mapped "{[/mappings || /mappings.json],methods=[GET],produces=[application/vnd.spring-boot.actuator.v1+json || application/json]}" onto public java.lang.Object org.springframework.boot.actuate.endpoint.mvc.EndpointMvcAdapter.invoke()
09:43:13 [main] INFO  EndpointHandlerMapping - Mapped "{[/heapdump || /heapdump.json],methods=[GET],produces=[application/octet-stream]}" onto public void org.springframework.boot.actuate.endpoint.mvc.HeapdumpMvcEndpoint.invoke(boolean,javax.servlet.http.HttpServletRequest,javax.servlet.http.HttpServletResponse) throws java.io.IOException,javax.servlet.ServletException
09:43:13 [main] INFO  EndpointHandlerMapping - Mapped "{[/health || /health.json],methods=[GET],produces=[application/vnd.spring-boot.actuator.v1+json || application/json]}" onto public java.lang.Object org.springframework.boot.actuate.endpoint.mvc.HealthMvcEndpoint.invoke(javax.servlet.http.HttpServletRequest,java.security.Principal)
09:43:13 [main] INFO  EndpointHandlerMapping - Mapped "{[/beans || /beans.json],methods=[GET],produces=[application/vnd.spring-boot.actuator.v1+json || application/json]}" onto public java.lang.Object org.springframework.boot.actuate.endpoint.mvc.EndpointMvcAdapter.invoke()
09:43:13 [main] INFO  EndpointHandlerMapping - Mapped "{[/hystrix.stream/**]}" onto public org.springframework.web.servlet.ModelAndView org.springframework.cloud.netflix.endpoint.ServletWrappingEndpoint.handle(javax.servlet.http.HttpServletRequest,javax.servlet.http.HttpServletResponse) throws java.lang.Exception
09:43:13 [main] INFO  EndpointHandlerMapping - Mapped "{[/jolokia/**]}" onto public org.springframework.web.servlet.ModelAndView org.springframework.boot.actuate.endpoint.mvc.JolokiaMvcEndpoint.handle(javax.servlet.http.HttpServletRequest,javax.servlet.http.HttpServletResponse) throws java.lang.Exception
09:43:13 [main] INFO  EndpointHandlerMapping - Mapped "{[/env/{name:.*}],methods=[GET],produces=[application/vnd.spring-boot.actuator.v1+json || application/json]}" onto public java.lang.Object org.springframework.boot.actuate.endpoint.mvc.EnvironmentMvcEndpoint.value(java.lang.String)
09:43:13 [main] INFO  EndpointHandlerMapping - Mapped "{[/env || /env.json],methods=[GET],produces=[application/vnd.spring-boot.actuator.v1+json || application/json]}" onto public java.lang.Object org.springframework.boot.actuate.endpoint.mvc.EndpointMvcAdapter.invoke()
09:43:13 [main] INFO  EndpointHandlerMapping - Mapped "{[/autoconfig || /autoconfig.json],methods=[GET],produces=[application/vnd.spring-boot.actuator.v1+json || application/json]}" onto public java.lang.Object org.springframework.boot.actuate.endpoint.mvc.EndpointMvcAdapter.invoke()
09:43:13 [main] INFO  EndpointHandlerMapping - Mapped "{[/metrics/{name:.*}],methods=[GET],produces=[application/vnd.spring-boot.actuator.v1+json || application/json]}" onto public java.lang.Object org.springframework.boot.actuate.endpoint.mvc.MetricsMvcEndpoint.value(java.lang.String)
09:43:13 [main] INFO  EndpointHandlerMapping - Mapped "{[/metrics || /metrics.json],methods=[GET],produces=[application/vnd.spring-boot.actuator.v1+json || application/json]}" onto public java.lang.Object org.springframework.boot.actuate.endpoint.mvc.EndpointMvcAdapter.invoke()
09:43:13 [main] INFO  EndpointHandlerMapping - Mapped "{[/trace || /trace.json],methods=[GET],produces=[application/vnd.spring-boot.actuator.v1+json || application/json]}" onto public java.lang.Object org.springframework.boot.actuate.endpoint.mvc.EndpointMvcAdapter.invoke()
09:43:13 [main] INFO  PropertySourcedRequestMappingHandlerMapping - Mapped URL path [/v2/api-docs] onto method [public org.springframework.http.ResponseEntity<springfox.documentation.spring.web.json.Json> springfox.documentation.swagger2.web.Swagger2Controller.getDocumentation(java.lang.String,javax.servlet.http.HttpServletRequest)]
09:43:14 [main] WARN  URLConfigurationSource - No URLs will be polled as dynamic configuration sources.
09:43:14 [main] INFO  URLConfigurationSource - To enable URLs as dynamic configuration sources, define System property archaius.configurationSource.additionalUrls or make config.properties available on classpath.
09:43:14 [main] INFO  RequestMappingHandlerAdapter - Looking for @ControllerAdvice: org.springframework.web.context.support.GenericWebApplicationContext@17b32ef: startup date [Fri Aug 02 09:43:05 CST 2019]; parent: org.springframework.context.annotation.AnnotationConfigApplicationContext@13f69cc
09:43:14 [main] INFO  SimpleUrlHandlerMapping - Mapped URL path [/static/**] onto handler of type [class org.springframework.web.servlet.resource.ResourceHttpRequestHandler]
09:43:14 [main] INFO  SimpleUrlHandlerMapping - Mapped URL path [/resources/**] onto handler of type [class org.springframework.web.servlet.resource.ResourceHttpRequestHandler]
09:43:14 [main] INFO  SimpleUrlHandlerMapping - Mapped URL path [/webjars/**] onto handler of type [class org.springframework.web.servlet.resource.ResourceHttpRequestHandler]
09:43:14 [main] INFO  SimpleUrlHandlerMapping - Mapped URL path [/**] onto handler of type [class org.springframework.web.servlet.resource.ResourceHttpRequestHandler]
09:43:14 [main] INFO  ExceptionHandlerExceptionResolver - Detected @ExceptionHandler methods in globalExceptionHandler
09:43:14 [main] INFO  SimpleUrlHandlerMapping - Mapped URL path [/**/favicon.ico] onto handler of type [class org.springframework.web.servlet.resource.ResourceHttpRequestHandler]
09:43:15 [main] INFO  DefaultSecurityFilterChain - Creating filter chain: OrRequestMatcher [requestMatchers=[Ant [pattern='/css/**'], Ant [pattern='/js/**'], Ant [pattern='/images/**'], Ant [pattern='/webjars/**'], Ant [pattern='/**/favicon.ico'], Ant [pattern='/error']]], []
09:43:15 [main] INFO  DefaultSecurityFilterChain - Creating filter chain: org.springframework.boot.actuate.autoconfigure.ManagementWebSecurityAutoConfiguration$LazyEndpointPathRequestMatcher@ba8293, [org.springframework.security.web.context.request.async.WebAsyncManagerIntegrationFilter@357fc3, org.springframework.security.web.context.SecurityContextPersistenceFilter@b34bd5, org.springframework.security.web.header.HeaderWriterFilter@1c9c0cc, org.springframework.web.filter.CorsFilter@48ea9e, org.springframework.security.web.authentication.logout.LogoutFilter@1224703, org.springframework.security.web.authentication.www.BasicAuthenticationFilter@ffa355, org.springframework.security.web.savedrequest.RequestCacheAwareFilter@3b177a, org.springframework.security.web.servletapi.SecurityContextHolderAwareRequestFilter@3cd12e, org.springframework.security.web.authentication.AnonymousAuthenticationFilter@1058759, org.springframework.security.web.session.SessionManagementFilter@74331d, org.springframework.security.web.access.ExceptionTranslationFilter@9a37bc, org.springframework.security.web.access.intercept.FilterSecurityInterceptor@24db00]
09:43:15 [main] INFO  DefaultSecurityFilterChain - Creating filter chain: OrRequestMatcher [requestMatchers=[Ant [pattern='/**']]], [org.springframework.security.web.context.request.async.WebAsyncManagerIntegrationFilter@250539, org.springframework.security.web.context.SecurityContextPersistenceFilter@1f23338, org.springframework.security.web.header.HeaderWriterFilter@8573b1, org.springframework.security.web.authentication.logout.LogoutFilter@4142f8, org.springframework.security.web.authentication.www.BasicAuthenticationFilter@f8cfbb, org.springframework.security.web.savedrequest.RequestCacheAwareFilter@a8bd50, org.springframework.security.web.servletapi.SecurityContextHolderAwareRequestFilter@1db5b8f, org.springframework.security.web.authentication.AnonymousAuthenticationFilter@60e4c3, org.springframework.security.web.session.SessionManagementFilter@17600ec, org.springframework.security.web.access.ExceptionTranslationFilter@1e89ba5, org.springframework.security.web.access.intercept.FilterSecurityInterceptor@84cb57]
09:43:15 [main] WARN  EurekaStarterDeprecationWarningAutoConfiguration - spring-cloud-starter-eureka is deprecated as of Spring Cloud Netflix 1.4.0, please migrate to spring-cloud-starter-netflix-eureka
09:43:16 [main] INFO  DefaultLifecycleProcessor - Starting beans in phase 0
09:43:16 [main] INFO  DefaultLifecycleProcessor - Starting beans in phase 2147483647
09:43:16 [main] INFO  DocumentationPluginsBootstrapper - Context refreshed
09:43:16 [main] INFO  DocumentationPluginsBootstrapper - Found 1 custom documentation plugin(s)
09:43:16 [main] INFO  ApiListingReferenceScanner - Scanning for api listing references
09:43:16 [main] INFO  HystrixCircuitBreakerConfiguration$HystrixMetricsPollerConfiguration - Starting poller
09:43:16 [main] INFO  OmsDlsbServiceRmApplicationTests - Started OmsDlsbServiceRmApplicationTests in 12.265 seconds (JVM running for 13.406)
09:43:16 [Thread-9] INFO  GenericWebApplicationContext - Closing org.springframework.web.context.support.GenericWebApplicationContext@17b32ef: startup date [Fri Aug 02 09:43:05 CST 2019]; parent: org.springframework.context.annotation.AnnotationConfigApplicationContext@13f69cc
09:43:16 [Thread-9] INFO  InstanceInfoFactory - Setting initial instance status as: STARTING
09:43:16 [Thread-9] INFO  EurekaServiceRegistry - Unregistering application oms-dlsb-service-rm with eureka with status DOWN
09:43:16 [Thread-9] INFO  DefaultLifecycleProcessor - Stopping beans in phase 2147483647
09:43:16 [Thread-9] INFO  DefaultLifecycleProcessor - Stopping beans in phase 0
09:43:16 [Thread-9] WARN  URLConfigurationSource - No URLs will be polled as dynamic configuration sources.
09:43:16 [Thread-9] INFO  URLConfigurationSource - To enable URLs as dynamic configuration sources, define System property archaius.configurationSource.additionalUrls or make config.properties available on classpath.
09:43:16 [Thread-9] INFO  DiscoveryClient - Initializing Eureka in region us-east-1
09:43:16 [Thread-9] INFO  DiscoveryJerseyProvider - Using JSON encoding codec LegacyJacksonJson
09:43:16 [Thread-9] INFO  DiscoveryJerseyProvider - Using JSON decoding codec LegacyJacksonJson
09:43:16 [Thread-9] INFO  DiscoveryJerseyProvider - Using XML encoding codec XStreamXml
09:43:16 [Thread-9] INFO  DiscoveryJerseyProvider - Using XML decoding codec XStreamXml
09:43:17 [Thread-9] INFO  ConfigClusterResolver - Resolving eureka endpoints via configuration
09:43:17 [Thread-9] INFO  DiscoveryClient - Disable delta property : false
09:43:17 [Thread-9] INFO  DiscoveryClient - Single vip registry refresh property : null
09:43:17 [Thread-9] INFO  DiscoveryClient - Force full registry fetch : false
09:43:17 [Thread-9] INFO  DiscoveryClient - Application is null : false
09:43:17 [Thread-9] INFO  DiscoveryClient - Registered Applications size is zero : true
09:43:17 [Thread-9] INFO  DiscoveryClient - Application version is -1: true
09:43:17 [Thread-9] INFO  DiscoveryClient - Getting all instance registry info from the eureka server
09:43:17 [Thread-9] INFO  DiscoveryClient - The response status is 200
09:43:17 [Thread-9] INFO  DiscoveryClient - Starting heartbeat executor: renew interval is: 30
09:43:17 [Thread-9] INFO  InstanceInfoReplicator - InstanceInfoReplicator onDemand update allowed rate per min is 4
09:43:17 [Thread-9] INFO  DiscoveryClient - Discovery Client initialized at timestamp 1564710197686 with initial instances count: 8
09:43:17 [Thread-9] INFO  DiscoveryClient - Shutting down DiscoveryClient ...
09:43:17 [Thread-9] INFO  DiscoveryClient - Unregistering ...
09:43:17 [Thread-9] INFO  DiscoveryClient - DiscoveryClient_OMS-DLSB-SERVICE-RM/oms-dlsb-service-rm:10.52.2.110:-1 - deregister  status: 404
09:43:17 [Thread-9] INFO  DiscoveryClient - Completed shut down of DiscoveryClient
09:43:17 [Thread-9] INFO  DruidDataSource - {dataSource-1} closed
